<?xml version="1.0" encoding="UTF-8"?>
<!-- Generated by org.testng.reporters.JUnitReportReporter -->
<testsuite hostname="Debashree" failures="0" tests="1" name="Toggle3d.aritize.com.TC_Portal_Feed_CreateNewFeed" time="21.520" errors="0" timestamp="2024-09-26T12:25:45 IST" skipped="0">
  <testcase classname="Toggle3d.aritize.com.TC_Portal_Feed_CreateNewFeed" name="testcase" time="21.520"/>
  <system-out/>
</testsuite> <!-- Toggle3d.aritize.com.TC_Portal_Feed_CreateNewFeed -->
