<?xml version="1.0" encoding="UTF-8"?>
<!-- Generated by org.testng.reporters.JUnitReportReporter -->
<testsuite hostname="Debashree" failures="0" tests="1" name="Toggle3d.aritize.com.TC_002_VerifyTheProductRequest" time="23.770" errors="0" timestamp="2024-09-13T13:07:14 IST" skipped="0">
  <testcase classname="Toggle3d.aritize.com.TC_002_VerifyTheProductRequest" name="verify_with_valid_login_details" time="23.770"/>
  <system-out/>
</testsuite> <!-- Toggle3d.aritize.com.TC_002_VerifyTheProductRequest -->
