<?xml version="1.0" encoding="UTF-8"?>
<!-- Generated by org.testng.reporters.JUnitReportReporter -->
<testsuite hostname="Debashree" failures="0" tests="1" name="Toggle3d.aritize.com.TC_Portal_ComplexityChecker_PriceCheck" time="27.422" errors="0" timestamp="2024-09-20T17:36:59 IST" skipped="0">
  <testcase classname="Toggle3d.aritize.com.TC_Portal_ComplexityChecker_PriceCheck" name="testcase" time="27.422"/>
  <system-out/>
</testsuite> <!-- Toggle3d.aritize.com.TC_Portal_ComplexityChecker_PriceCheck -->
