<?xml version="1.0" encoding="UTF-8"?>
<!-- Generated by org.testng.reporters.JUnitReportReporter -->
<testsuite hostname="Debashree" failures="0" tests="1" name="tests.verifyTheValidLoginPage" time="24.074" errors="0" timestamp="2024-10-04T22:51:46 IST" skipped="0">
  <testcase classname="tests.verifyTheValidLoginPage" name="Verify_With_Valid_Login_Details" time="24.074"/>
  <system-out/>
</testsuite> <!-- tests.verifyTheValidLoginPage -->
