<?xml version="1.0" encoding="UTF-8"?>
<!-- Generated by org.testng.reporters.JUnitReportReporter -->
<testsuite hostname="Debashree" failures="0" tests="2" name="com.Iblesoft.TC_001LoginCheck" time="10.777" errors="0" timestamp="2024-09-11T19:28:00 IST" skipped="0">
  <testcase classname="com.Iblesoft.TC_001LoginCheck" name="InvalidLoginTest" time="4.178"/>
  <system-out/>
  <testcase classname="com.Iblesoft.TC_001LoginCheck" name="ValidLoginTest" time="6.599"/>
  <system-out/>
</testsuite> <!-- com.Iblesoft.TC_001LoginCheck -->
