<?xml version="1.0" encoding="UTF-8"?>
<!-- Generated by org.testng.reporters.JUnitReportReporter -->
<testsuite hostname="Debashree" failures="0" tests="1" name="Toggle3d.aritize.com.TC_002_VerifyTheProductRequest" time="60.012" errors="0" timestamp="2024-09-11T18:31:47 IST" skipped="0">
  <testcase classname="Toggle3d.aritize.com.TC_002_VerifyTheProductRequest" name="verify_with_valid_login_details" time="60.012"/>
  <system-out/>
</testsuite> <!-- Toggle3d.aritize.com.TC_002_VerifyTheProductRequest -->
