<?xml version="1.0" encoding="UTF-8"?>
<!-- Generated by org.testng.reporters.JUnitReportReporter -->
<testsuite hostname="Debashree" failures="0" tests="1" name="tests.createNewProductRequest" time="69.158" errors="0" timestamp="2024-10-11T15:52:40 IST" skipped="0">
  <testcase classname="tests.createNewProductRequest" name="Verify_Create_new_product_Request" time="69.158"/>
  <system-out/>
</testsuite> <!-- tests.createNewProductRequest -->
