<?xml version="1.0" encoding="UTF-8"?>
<!-- Generated by org.testng.reporters.JUnitReportReporter -->
<testsuite hostname="Debashree" failures="0" tests="1" name="Toggle3d.aritize.com.TC_Internal_SelfServe_CreateModel_001" time="32.766" errors="0" timestamp="2024-09-13T23:29:21 IST" skipped="0">
  <testcase classname="Toggle3d.aritize.com.TC_Internal_SelfServe_CreateModel_001" name="Checkhomepage" time="32.766"/>
  <system-out/>
</testsuite> <!-- Toggle3d.aritize.com.TC_Internal_SelfServe_CreateModel_001 -->
