<?xml version="1.0" encoding="UTF-8"?>
<!-- Generated by org.testng.reporters.JUnitReportReporter -->
<testsuite hostname="Debashree" failures="0" tests="1" name="Toggle3d.aritize.com.TC_002_VerifyTheProductRequest" time="31.633" errors="0" timestamp="2024-10-06T00:38:46 IST" skipped="0">
  <testcase classname="Toggle3d.aritize.com.TC_002_VerifyTheProductRequest" name="verify_with_valid_login_details" time="31.633"/>
  <system-out/>
</testsuite> <!-- Toggle3d.aritize.com.TC_002_VerifyTheProductRequest -->
