<?xml version="1.0" encoding="UTF-8"?>
<!-- Generated by org.testng.reporters.JUnitReportReporter -->
<testsuite hostname="Debashree" failures="0" tests="1" name="Toggle3d.aritize.com.testcase1" time="21.584" errors="0" timestamp="2024-09-17T23:25:35 IST" skipped="0">
  <testcase classname="Toggle3d.aritize.com.testcase1" name="testcase" time="21.584"/>
  <system-out/>
</testsuite> <!-- Toggle3d.aritize.com.testcase1 -->
